2017-08-15 11:53:23	main.main		
2017-08-15 11:57:28	Main\AccountInfo.ftp	bf24c54f061c012a3bb84345304c4f77158dffa3	
2017-08-15 11:59:17	Main\AccountInfo.ftp	bf24c54f061c012a3bb84345304c4f77158dffa3	
2017-08-15 11:59:17	Main\AccountInfo.ftp	bf24c54f061c012a3bb84345304c4f77158dffa3	
2017-08-15 11:59:17	Main\AccountInfo.ftp	bf24c54f061c012a3bb84345304c4f77158dffa3	
2017-08-15 14:36:17	Main\Document.regular	bf24c54f061c012a3bb84345304c4f77158dffa3	
2017-08-15 14:36:17	Main\Document.regular	bf24c54f061c012a3bb84345304c4f77158dffa3	
2017-08-15 14:36:17	Main\Document.regular	bf24c54f061c012a3bb84345304c4f77158dffa3	
2017-08-15 14:36:24	Main\Document.regular	bf24c54f061c012a3bb84345304c4f77158dffa3	
2017-08-15 14:36:24	Main\Document.regular	bf24c54f061c012a3bb84345304c4f77158dffa3	
2017-08-15 14:36:24	Main\Document.regular	bf24c54f061c012a3bb84345304c4f77158dffa3	
2017-08-15 14:36:35	Main\Document.regular	bf24c54f061c012a3bb84345304c4f77158dffa3	
2017-08-15 14:36:35	Main\Document.regular	bf24c54f061c012a3bb84345304c4f77158dffa3	
2017-08-15 14:36:35	Main\Document.regular	bf24c54f061c012a3bb84345304c4f77158dffa3	
2017-08-15 14:36:39	Main\Document.regular	bf24c54f061c012a3bb84345304c4f77158dffa3	
2017-08-15 14:36:39	Main\Document.regular	bf24c54f061c012a3bb84345304c4f77158dffa3	
2017-08-15 14:36:39	Main\Document.regular	bf24c54f061c012a3bb84345304c4f77158dffa3	
2017-08-15 14:40:12	Main\Document.regular	bf24c54f061c012a3bb84345304c4f77158dffa3	
2017-08-15 14:40:12	Main\Document.regular	bf24c54f061c012a3bb84345304c4f77158dffa3	
2017-08-15 14:40:12	Main\Document.regular	bf24c54f061c012a3bb84345304c4f77158dffa3	
2017-08-15 17:29:08	Main\Document.regular	32f6cac61140b7a7a35edb599af05fb3b73205cb	
2017-08-15 17:29:08	Main\Document.regular	32f6cac61140b7a7a35edb599af05fb3b73205cb	
2017-08-15 17:29:08	Main\Document.regular	32f6cac61140b7a7a35edb599af05fb3b73205cb	
2017-08-15 17:29:11	Main\Document.git	32f6cac61140b7a7a35edb599af05fb3b73205cb	
2017-08-15 17:29:11	Main\Document.git	32f6cac61140b7a7a35edb599af05fb3b73205cb	
2017-08-15 17:29:11	Main\Document.git	32f6cac61140b7a7a35edb599af05fb3b73205cb	
2017-08-15 17:29:15	Main\Document.git	32f6cac61140b7a7a35edb599af05fb3b73205cb	
2017-08-15 17:29:15	Main\Document.git	32f6cac61140b7a7a35edb599af05fb3b73205cb	
2017-08-15 17:29:16	Main\Document.git	32f6cac61140b7a7a35edb599af05fb3b73205cb	
2017-08-15 18:38:58	Main\AccountInfo.ftp	d9f5d69ef279880f8df402227c86c8c87ad0a1a1	
2017-08-15 18:38:58	Main\AccountInfo.ftp	d9f5d69ef279880f8df402227c86c8c87ad0a1a1	
2017-08-15 18:38:58	Main\AccountInfo.ftp	d9f5d69ef279880f8df402227c86c8c87ad0a1a1	
2017-08-15 18:39:21	Main\AccountInfo.ftp	d9f5d69ef279880f8df402227c86c8c87ad0a1a1	
2017-08-15 18:39:21	Main\AccountInfo.ftp	d9f5d69ef279880f8df402227c86c8c87ad0a1a1	
2017-08-15 18:39:21	Main\AccountInfo.ftp	d9f5d69ef279880f8df402227c86c8c87ad0a1a1	
2017-08-15 18:39:23	Main\AccountInfo.ftp	d9f5d69ef279880f8df402227c86c8c87ad0a1a1	
2017-08-15 18:39:23	Main\AccountInfo.ftp	d9f5d69ef279880f8df402227c86c8c87ad0a1a1	
2017-08-15 18:39:23	Main\AccountInfo.ftp	d9f5d69ef279880f8df402227c86c8c87ad0a1a1	
2017-08-15 18:39:24	Main\AccountInfo.ftp	d9f5d69ef279880f8df402227c86c8c87ad0a1a1	
2017-08-15 18:39:24	Main\AccountInfo.ftp	d9f5d69ef279880f8df402227c86c8c87ad0a1a1	
2017-08-15 18:39:24	Main\AccountInfo.ftp	d9f5d69ef279880f8df402227c86c8c87ad0a1a1	
2017-08-15 18:39:25	Main\AccountInfo.ftp	d9f5d69ef279880f8df402227c86c8c87ad0a1a1	
2017-08-15 18:39:25	Main\AccountInfo.ftp	d9f5d69ef279880f8df402227c86c8c87ad0a1a1	
2017-08-15 18:39:25	Main\AccountInfo.ftp	d9f5d69ef279880f8df402227c86c8c87ad0a1a1	
2017-08-15 18:39:25	Main\AccountInfo.ftp	d9f5d69ef279880f8df402227c86c8c87ad0a1a1	
2017-08-15 18:39:26	Main\AccountInfo.ftp	d9f5d69ef279880f8df402227c86c8c87ad0a1a1	
2017-08-15 18:39:26	Main\AccountInfo.ftp	d9f5d69ef279880f8df402227c86c8c87ad0a1a1	
2017-08-15 18:39:26	Main\AccountInfo.ftp	d9f5d69ef279880f8df402227c86c8c87ad0a1a1	
2017-08-15 18:39:26	Main\AccountInfo.ftp	d9f5d69ef279880f8df402227c86c8c87ad0a1a1	
2017-08-15 18:39:26	Main\AccountInfo.ftp	d9f5d69ef279880f8df402227c86c8c87ad0a1a1	
2017-08-15 18:39:26	Main\AccountInfo.ftp	d9f5d69ef279880f8df402227c86c8c87ad0a1a1	
2017-08-15 18:39:26	Main\AccountInfo.ftp	d9f5d69ef279880f8df402227c86c8c87ad0a1a1	
2017-08-15 18:39:26	Main\AccountInfo.ftp	d9f5d69ef279880f8df402227c86c8c87ad0a1a1	
2017-08-15 18:39:26	Main\AccountInfo.ftp	d9f5d69ef279880f8df402227c86c8c87ad0a1a1	
2017-08-15 18:39:27	Main\AccountInfo.ftp	d9f5d69ef279880f8df402227c86c8c87ad0a1a1	
2017-08-15 18:39:27	Main\AccountInfo.ftp	d9f5d69ef279880f8df402227c86c8c87ad0a1a1	
2017-08-15 18:39:27	Main\AccountInfo.ftp	d9f5d69ef279880f8df402227c86c8c87ad0a1a1	
2017-08-15 18:39:27	Main\AccountInfo.ftp	d9f5d69ef279880f8df402227c86c8c87ad0a1a1	
2017-08-15 18:39:27	Main\AccountInfo.ftp	d9f5d69ef279880f8df402227c86c8c87ad0a1a1	
2017-08-15 18:39:27	Main\AccountInfo.ftp	d9f5d69ef279880f8df402227c86c8c87ad0a1a1	
2017-08-15 18:39:27	Main\AccountInfo.ftp	d9f5d69ef279880f8df402227c86c8c87ad0a1a1	
2017-08-15 18:39:27	Main\AccountInfo.ftp	d9f5d69ef279880f8df402227c86c8c87ad0a1a1	
2017-08-15 18:39:27	Main\AccountInfo.ftp	d9f5d69ef279880f8df402227c86c8c87ad0a1a1	
2017-08-15 18:39:27	Main\AccountInfo.ftp	d9f5d69ef279880f8df402227c86c8c87ad0a1a1	
2017-08-15 18:39:27	Main\AccountInfo.ftp	d9f5d69ef279880f8df402227c86c8c87ad0a1a1	
2017-08-15 18:39:27	Main\AccountInfo.ftp	d9f5d69ef279880f8df402227c86c8c87ad0a1a1	
2017-08-15 18:39:27	Main\AccountInfo.ftp	d9f5d69ef279880f8df402227c86c8c87ad0a1a1	
2017-08-15 18:39:27	Main\AccountInfo.ftp	d9f5d69ef279880f8df402227c86c8c87ad0a1a1	
2017-08-15 18:39:28	Main\AccountInfo.ftp	d9f5d69ef279880f8df402227c86c8c87ad0a1a1	
2017-08-15 18:39:28	Main\AccountInfo.ftp	d9f5d69ef279880f8df402227c86c8c87ad0a1a1	
2017-08-15 18:39:28	Main\AccountInfo.ftp	d9f5d69ef279880f8df402227c86c8c87ad0a1a1	
2017-08-15 18:39:29	Main\AccountInfo.ftp	d9f5d69ef279880f8df402227c86c8c87ad0a1a1	
2017-08-15 18:39:29	Main\AccountInfo.ftp	d9f5d69ef279880f8df402227c86c8c87ad0a1a1	
2017-08-15 18:39:29	Main\AccountInfo.ftp	d9f5d69ef279880f8df402227c86c8c87ad0a1a1	
2017-08-15 18:39:39	Main\AccountInfo.ftp	d9f5d69ef279880f8df402227c86c8c87ad0a1a1	
2017-08-15 18:39:39	Main\AccountInfo.ftp	d9f5d69ef279880f8df402227c86c8c87ad0a1a1	
2017-08-15 18:39:39	Main\AccountInfo.ftp	d9f5d69ef279880f8df402227c86c8c87ad0a1a1	
2017-08-15 18:39:40	Main\AccountInfo.ftp	d9f5d69ef279880f8df402227c86c8c87ad0a1a1	
2017-08-15 18:39:40	Main\AccountInfo.ftp	d9f5d69ef279880f8df402227c86c8c87ad0a1a1	
2017-08-15 18:39:40	Main\AccountInfo.ftp	d9f5d69ef279880f8df402227c86c8c87ad0a1a1	
2017-08-15 18:39:40	Main\AccountInfo.ftp	d9f5d69ef279880f8df402227c86c8c87ad0a1a1	
2017-08-15 18:39:40	Main\AccountInfo.ftp	d9f5d69ef279880f8df402227c86c8c87ad0a1a1	
2017-08-15 18:39:40	Main\AccountInfo.ftp	d9f5d69ef279880f8df402227c86c8c87ad0a1a1	
2017-08-15 18:39:40	Main\AccountInfo.ftp	d9f5d69ef279880f8df402227c86c8c87ad0a1a1	
2017-08-15 18:39:40	Main\AccountInfo.ftp	d9f5d69ef279880f8df402227c86c8c87ad0a1a1	
2017-08-15 18:39:40	Main\AccountInfo.ftp	d9f5d69ef279880f8df402227c86c8c87ad0a1a1	
2017-08-15 18:39:41	Main\AccountInfo.ftp	d9f5d69ef279880f8df402227c86c8c87ad0a1a1	
2017-08-15 18:39:41	Main\AccountInfo.ftp	d9f5d69ef279880f8df402227c86c8c87ad0a1a1	
2017-08-15 18:39:41	Main\AccountInfo.ftp	d9f5d69ef279880f8df402227c86c8c87ad0a1a1	
2017-08-15 18:39:41	Main\AccountInfo.ftp	d9f5d69ef279880f8df402227c86c8c87ad0a1a1	
2017-08-15 18:39:41	Main\AccountInfo.ftp	d9f5d69ef279880f8df402227c86c8c87ad0a1a1	
2017-08-15 18:39:41	Main\AccountInfo.ftp	d9f5d69ef279880f8df402227c86c8c87ad0a1a1	
2017-08-15 18:39:41	Main\AccountInfo.ftp	d9f5d69ef279880f8df402227c86c8c87ad0a1a1	
2017-08-15 18:39:41	Main\AccountInfo.ftp	d9f5d69ef279880f8df402227c86c8c87ad0a1a1	
2017-08-15 18:39:41	Main\AccountInfo.ftp	d9f5d69ef279880f8df402227c86c8c87ad0a1a1	
2017-08-15 18:39:41	Main\AccountInfo.ftp	d9f5d69ef279880f8df402227c86c8c87ad0a1a1	
2017-08-15 18:39:41	Main\AccountInfo.ftp	d9f5d69ef279880f8df402227c86c8c87ad0a1a1	
2017-08-15 18:39:41	Main\AccountInfo.ftp	d9f5d69ef279880f8df402227c86c8c87ad0a1a1	
2017-08-15 18:39:41	Main\AccountInfo.ftp	d9f5d69ef279880f8df402227c86c8c87ad0a1a1	
2017-08-15 18:39:42	Main\AccountInfo.ftp	d9f5d69ef279880f8df402227c86c8c87ad0a1a1	
2017-08-15 18:39:42	Main\AccountInfo.ftp	d9f5d69ef279880f8df402227c86c8c87ad0a1a1	
2017-08-15 18:39:42	Main\AccountInfo.ftp	d9f5d69ef279880f8df402227c86c8c87ad0a1a1	
2017-08-15 18:39:42	Main\AccountInfo.ftp	d9f5d69ef279880f8df402227c86c8c87ad0a1a1	
2017-08-15 18:39:42	Main\AccountInfo.ftp	d9f5d69ef279880f8df402227c86c8c87ad0a1a1	
2017-08-15 21:31:49	Main\Code.highlight	03d61754416bd0584a4911f3561a701aba05e7ea	
2017-08-15 21:31:49	Main\Code.highlight	03d61754416bd0584a4911f3561a701aba05e7ea	
2017-08-15 21:31:49	Main\Code.highlight	03d61754416bd0584a4911f3561a701aba05e7ea	
