2017-07-28 10:28:53	Main\Code.highlight	52d55b34a0a5b73e0dd4b4241e648e06e13a714d	
2017-07-28 10:29:10	Main\Code.highlight	52d55b34a0a5b73e0dd4b4241e648e06e13a714d	
2017-07-28 10:29:17	Main\Code.highlight	52d55b34a0a5b73e0dd4b4241e648e06e13a714d	
2017-07-28 10:29:17	Main\Code.highlight	52d55b34a0a5b73e0dd4b4241e648e06e13a714d	
2017-07-28 10:29:17	Main\Code.highlight	52d55b34a0a5b73e0dd4b4241e648e06e13a714d	
2017-07-28 10:32:52	Main\AccountInfo.ftp	8797b1c48f9012571dcbf3833cac6a7ce8c248df	
2017-07-28 10:33:13	Main\AccountInfo.db	d874de4cdf23c04334d26a40e472f2faf962cfcd	
2017-07-28 10:33:33	Main\Code.highlight	d874de4cdf23c04334d26a40e472f2faf962cfcd	
2017-07-28 10:33:56	Main\Document.regular	8797b1c48f9012571dcbf3833cac6a7ce8c248df	
2017-07-28 10:34:24	Main\AccountInfo.ftp	d874de4cdf23c04334d26a40e472f2faf962cfcd	
2017-07-28 10:37:41	Main\Document.regular	ce0c5d81ee46c5914679663b3bb4e9e7f80beecb	
2017-07-28 10:37:49	Main\AccountInfo.ftp	15c5cc03a3e1991950679c82e40f287f9f3b95e9	
2017-07-28 10:38:01	Main\AccountInfo.db	0328fbae2314b4ee5eb08c71346bb91b9b89f073	
2017-07-28 10:38:11	Main\AccountInfo.db	ce0c5d81ee46c5914679663b3bb4e9e7f80beecb	
2017-07-28 10:38:59	Main\AccountInfo.db	dd76b8e2e827a62e862adf4106ffe01427753f29	
2017-07-28 10:39:10	Main\AccountInfo.db	7540e0ec4d4873f147a5ff224ad3a02069b9ca7a	
2017-07-28 10:39:15	Main\AccountInfo.db	8dccb493bac182696c3f13a214c823735b98dab3	
2017-07-28 10:39:18	Main\AccountInfo.git	ded32fcb4bb588ab80a737af4e06af4ca4a99cef	
2017-07-28 10:39:31	Main\Document.regular	dd76b8e2e827a62e862adf4106ffe01427753f29	
2017-07-28 10:40:06	Main\Document.regular	3b01ee6e22df8e3e649590572c92b906a8512e83	
2017-07-28 10:41:11	Main\Document.regular	6e9bd41225ea6f01f8bab70aa694bd1ac8ca6097	
2017-07-28 10:41:33	Main\AccountInfo.db	bcdf4da7ad2e7716b45ee7bfb4a89391eb1661f1	
2017-07-28 10:41:36	Main\AccountInfo.git	f519e0c009ef6b525cb03aada4e326c1f3500e5b	
2017-07-28 10:43:35	Main\AccountInfo.ftp	6e9bd41225ea6f01f8bab70aa694bd1ac8ca6097	
2017-07-28 10:44:05	Main\AccountInfo.ftp	6e9bd41225ea6f01f8bab70aa694bd1ac8ca6097	
2017-07-28 10:45:10	Main\AccountInfo.ftp	889383d15667b3bbfc9df3b274879efe8c89b5ba	
2017-07-28 10:45:10	Main\AccountInfo.ftp	889383d15667b3bbfc9df3b274879efe8c89b5ba	
2017-07-28 10:45:10	Main\AccountInfo.ftp	889383d15667b3bbfc9df3b274879efe8c89b5ba	
2017-07-28 11:25:24	Main\Code.highlight	bc2716d09982bf058bb6729e0b39fe88e7253cd3	
2017-07-28 11:25:34	Main\Code.highlight	bc2716d09982bf058bb6729e0b39fe88e7253cd3	
2017-07-28 11:26:26	Main\Code.highlight	bc2716d09982bf058bb6729e0b39fe88e7253cd3	
2017-07-28 11:26:54	Main\Code.highlight	bc2716d09982bf058bb6729e0b39fe88e7253cd3	
2017-07-28 11:27:28	Main\Code.highlight	bc2716d09982bf058bb6729e0b39fe88e7253cd3	
